build/app/outputs/mapping/r8/release/mapping.txt
# compiler: R8
# compiler_version: 1.2.49
# min_api: 16
...
io.flutter.embedding.engine.FlutterEngine$EngineLifecycleListener -> io.flutter.embedding.engine.a$a:
    void onPreEngineRestart() -> a
io.flutter.embedding.engine.FlutterJNI -> io.flutter.embedding.engine.FlutterJNI:
io.flutter.embedding.engine.FlutterJNI$AccessibilityDelegate -> io.flutter.embedding.engine.FlutterJNI$a:
    void updateCustomAccessibilityActions(java.nio.ByteBuffer,java.lang.String[]) -> a
    void updateSemantics(java.nio.ByteBuffer,java.lang.String[]) -> b
io.flutter.embedding.engine.FlutterJNI$AsyncWaitForVsyncDelegate -> io.flutter.embedding.engine.FlutterJNI$b:
    void asyncWaitForVsync(long) -> a
io.flutter.embedding.engine.dart.DartExecutor -> io.flutter.embedding.engine.a.b:
    android.content.res.AssetManager assetManager -> b
    boolean isApplicationRunning -> e
    io.flutter.embedding.engine.FlutterJNI flutterJNI -> a
    io.flutter.embedding.engine.dart.DartExecutor$IsolateServiceIdListener isolateServiceIdListener -> g
    io.flutter.embedding.engine.dart.DartMessenger dartMessenger -> c
    io.flutter.plugin.common.BinaryMessenger binaryMessenger -> d
    io.flutter.plugin.common.BinaryMessenger$BinaryMessageHandler isolateChannelMessageHandler -> h
    java.lang.String isolateServiceId -> f
    io.flutter.embedding.engine.dart.DartExecutor$IsolateServiceIdListener access$100(io.flutter.embedding.engine.dart.DartExecutor) -> a
    java.lang.String access$000(io.flutter.embedding.engine.dart.DartExecutor) -> b
    java.lang.String access$002(io.flutter.embedding.engine.dart.DartExecutor,java.lang.String) -> a
    io.flutter.plugin.common.BinaryMessenger getBinaryMessenger() -> c
    void onAttachedToJNI() -> a
    void onDetachedFromJNI() -> b
    void send(java.lang.String,java.nio.ByteBuffer,io.flutter.plugin.common.BinaryMessenger$BinaryReply) -> a
    void setMessageHandler(java.lang.String,io.flutter.plugin.common.BinaryMessenger$BinaryMessageHandler) -> a
io.flutter.embedding.engine.dart.DartExecutor$1 -> io.flutter.embedding.engine.a.a:
    io.flutter.embedding.engine.dart.DartExecutor this$0 -> a
    void onMessage(java.nio.ByteBuffer,io.flutter.plugin.common.BinaryMessenger$BinaryReply) -> a
io.flutter.embedding.engine.dart.DartExecutor$DefaultBinaryMessenger -> io.flutter.embedding.engine.a.b$a:
    io.flutter.embedding.engine.dart.DartMessenger messenger -> a
    void send(java.lang.String,java.nio.ByteBuffer,io.flutter.plugin.common.BinaryMessenger$BinaryReply) -> a
    void setMessageHandler(java.lang.String,io.flutter.plugin.common.BinaryMessenger$BinaryMessageHandler) -> a
io.flutter.embedding.engine.dart.DartExecutor$IsolateServiceIdListener -> io.flutter.embedding.engine.a.b$b:
    void onIsolateServiceIdAvailable(java.lang.String) -> a
io.flutter.embedding.engine.dart.DartMessenger -> io.flutter.embedding.engine.a.c:
    int nextReplyId -> d
    io.flutter.embedding.engine.FlutterJNI flutterJNI -> a
    java.util.Map messageHandlers -> b
    java.util.Map pendingReplies -> c
    void handleMessageFromDart(java.lang.String,byte[],int) -> a
    void handlePlatformMessageResponse(int,byte[]) -> a
    void send(java.lang.String,java.nio.ByteBuffer,io.flutter.plugin.common.BinaryMessenger$BinaryReply) -> a
    void setMessageHandler(java.lang.String,io.flutter.plugin.common.BinaryMessenger$BinaryMessageHandler) -> a
io.flutter.embedding.engine.dart.DartMessenger$Reply -> io.flutter.embedding.engine.a.c$a:
    int replyId -> b
    io.flutter.embedding.engine.FlutterJNI flutterJNI -> a
    java.util.concurrent.atomic.AtomicBoolean done -> c
    void reply(java.nio.ByteBuffer) -> a
io.flutter.embedding.engine.dart.PlatformMessageHandler -> io.flutter.embedding.engine.a.d:
    void handleMessageFromDart(java.lang.String,byte[],int) -> a
    void handlePlatformMessageResponse(int,byte[]) -> a